ERROR: ld.so: object 'libdlfaker.so' from LD_PRELOAD cannot be preloaded (cannot open shared object file): ignored.
ERROR: ld.so: object 'libvglfaker.so' from LD_PRELOAD cannot be preloaded (cannot open shared object file): ignored.
ERROR: ld.so: object 'libdlfaker.so' from LD_PRELOAD cannot be preloaded (cannot open shared object file): ignored.
ERROR: ld.so: object 'libvglfaker.so' from LD_PRELOAD cannot be preloaded (cannot open shared object file): ignored.
ERROR: ld.so: object 'libdlfaker.so' from LD_PRELOAD cannot be preloaded (cannot open shared object file): ignored.
ERROR: ld.so: object 'libvglfaker.so' from LD_PRELOAD cannot be preloaded (cannot open shared object file): ignored.
ERROR: ld.so: object 'libdlfaker.so' from LD_PRELOAD cannot be preloaded (cannot open shared object file): ignored.
ERROR: ld.so: object 'libvglfaker.so' from LD_PRELOAD cannot be preloaded (cannot open shared object file): ignored.
   Compiling match_filter v0.1.0 (/home/austin/libraries/rust_stuff/match_filter)
ERROR: ld.so: object 'libdlfaker.so' from LD_PRELOAD cannot be preloaded (cannot open shared object file): ignored.
ERROR: ld.so: object 'libvglfaker.so' from LD_PRELOAD cannot be preloaded (cannot open shared object file): ignored.
ERROR: ld.so: object 'libdlfaker.so' from LD_PRELOAD cannot be preloaded (cannot open shared object file): ignored.
ERROR: ld.so: object 'libvglfaker.so' from LD_PRELOAD cannot be preloaded (cannot open shared object file): ignored.
    Finished release [optimized] target(s) in 4.42s
     Running `target/release/match_filter --input /data/star_extra_data/star_dataset/data/threshold --templates-file data/templates-25x25.toml --noise .06 --rho 4.0 --window-length 30`
ERROR: ld.so: object 'libdlfaker.so' from LD_PRELOAD cannot be preloaded (cannot open shared object file): ignored.
ERROR: ld.so: object 'libvglfaker.so' from LD_PRELOAD cannot be preloaded (cannot open shared object file): ignored.
J Dims: [1422 625 1 1]
5616
Window length: 30
Total iterations needed: 3662246
Sep 05 16:22:15.438 INFO %Progress: 1.9935308%, StarsPerTenSec: 365040, StarsPerSec: 36504, EstTimeLeft: 98.32451s, IterationsLeft: 3589238, TotTime: 2s
Sep 05 16:22:17.546 INFO %Progress: 4.447107%, StarsPerTenSec: 407160, StarsPerSec: 40716, EstTimeLeft: 85.94611s, IterationsLeft: 3499382, TotTime: 4s
Sep 05 16:22:19.633 INFO %Progress: 6.900683%, StarsPerTenSec: 421200, StarsPerSec: 42120, EstTimeLeft: 80.947914s, IterationsLeft: 3409526, TotTime: 6s
Sep 05 16:22:21.693 INFO %Progress: 9.3542595%, StarsPerTenSec: 428220, StarsPerSec: 42822, EstTimeLeft: 77.52254s, IterationsLeft: 3319670, TotTime: 8s
Sep 05 16:22:23.726 INFO %Progress: 11.807836%, StarsPerTenSec: 432432, StarsPerSec: 43243.2, EstTimeLeft: 74.68952s, IterationsLeft: 3229814, TotTime: 10s
Sep 05 16:22:25.753 INFO %Progress: 14.261413%, StarsPerTenSec: 435240, StarsPerSec: 43524, EstTimeLeft: 72.14314s, IterationsLeft: 3139958, TotTime: 12s
Sep 05 16:22:27.859 INFO %Progress: 16.868336%, StarsPerTenSec: 441257.16, StarsPerSec: 44125.715, EstTimeLeft: 68.995735s, IterationsLeft: 3044486, TotTime: 14s
Sep 05 16:22:29.938 INFO %Progress: 19.475262%, StarsPerTenSec: 445770, StarsPerSec: 44577, EstTimeLeft: 66.15551s, IterationsLeft: 2949014, TotTime: 16s
Sep 05 16:22:31.995 INFO %Progress: 22.082188%, StarsPerTenSec: 449280, StarsPerSec: 44928, EstTimeLeft: 63.513668s, IterationsLeft: 2853542, TotTime: 18s
Sep 05 16:22:34.022 INFO %Progress: 24.689112%, StarsPerTenSec: 452088, StarsPerSec: 45208.8, EstTimeLeft: 61.00737s, IterationsLeft: 2758070, TotTime: 20s
Sep 05 16:22:36.035 INFO %Progress: 27.296036%, StarsPerTenSec: 454385.47, StarsPerSec: 45438.547, EstTimeLeft: 58.597782s, IterationsLeft: 2662598, TotTime: 22s
Sep 05 16:22:38.122 INFO %Progress: 30.056309%, StarsPerTenSec: 458640, StarsPerSec: 45864, EstTimeLeft: 55.85012s, IterationsLeft: 2561510, TotTime: 24s
Sep 05 16:22:40.182 INFO %Progress: 32.81658%, StarsPerTenSec: 462240, StarsPerSec: 46224, EstTimeLeft: 53.228237s, IterationsLeft: 2460422, TotTime: 26s
Sep 05 16:22:42.212 INFO %Progress: 35.576855%, StarsPerTenSec: 465325.7, StarsPerSec: 46532.57, EstTimeLeft: 50.70285s, IterationsLeft: 2359334, TotTime: 28s
Sep 05 16:22:44.213 INFO %Progress: 38.337128%, StarsPerTenSec: 468000, StarsPerSec: 46800, EstTimeLeft: 48.25312s, IterationsLeft: 2258246, TotTime: 30s
Sep 05 16:22:46.306 INFO %Progress: 41.25075%, StarsPerTenSec: 472095, StarsPerSec: 47209.5, EstTimeLeft: 45.574345s, IterationsLeft: 2151542, TotTime: 32s
Sep 05 16:22:48.349 INFO %Progress: 44.164375%, StarsPerTenSec: 475708.25, StarsPerSec: 47570.824, EstTimeLeft: 42.98513s, IterationsLeft: 2044838, TotTime: 34s
Sep 05 16:22:50.364 INFO %Progress: 47.077995%, StarsPerTenSec: 465976.22, StarsPerSec: 46597.62, EstTimeLeft: 41.592983s, IterationsLeft: 1938134, TotTime: 37s
Sep 05 16:22:52.440 INFO %Progress: 50.144966%, StarsPerTenSec: 470880, StarsPerSec: 47088, EstTimeLeft: 38.774506s, IterationsLeft: 1825814, TotTime: 39s
Sep 05 16:22:54.481 INFO %Progress: 53.211933%, StarsPerTenSec: 475305.34, StarsPerSec: 47530.535, EstTimeLeft: 36.050385s, IterationsLeft: 1713494, TotTime: 41s
Sep 05 16:22:56.503 INFO %Progress: 56.278908%, StarsPerTenSec: 479319.06, StarsPerSec: 47931.906, EstTimeLeft: 33.40518s, IterationsLeft: 1601174, TotTime: 43s
Sep 05 16:22:58.575 INFO %Progress: 59.49923%, StarsPerTenSec: 484224, StarsPerSec: 48422.4, EstTimeLeft: 30.631237s, IterationsLeft: 1483238, TotTime: 45s
Sep 05 16:23:00.619 INFO %Progress: 62.719543%, StarsPerTenSec: 488711.5, StarsPerSec: 48871.15, EstTimeLeft: 27.93677s, IterationsLeft: 1365302, TotTime: 47s
Sep 05 16:23:02.708 INFO %Progress: 66.093216%, StarsPerTenSec: 493978.78, StarsPerSec: 49397.88, EstTimeLeft: 25.137718s, IterationsLeft: 1241750, TotTime: 49s
Sep 05 16:23:04.751 INFO %Progress: 69.46687%, StarsPerTenSec: 498832.94, StarsPerSec: 49883.293, EstTimeLeft: 22.416283s, IterationsLeft: 1118198, TotTime: 51s
Sep 05 16:23:06.839 INFO %Progress: 72.99389%, StarsPerTenSec: 504380.38, StarsPerSec: 50438.04, EstTimeLeft: 19.608812s, IterationsLeft: 989030, TotTime: 53s
Sep 05 16:23:08.880 INFO %Progress: 76.52091%, StarsPerTenSec: 509524.38, StarsPerSec: 50952.438, EstTimeLeft: 16.875778s, IterationsLeft: 859862, TotTime: 55s
Sep 05 16:23:10.887 INFO %Progress: 80.04793%, StarsPerTenSec: 514307.38, StarsPerSec: 51430.74, EstTimeLeft: 14.20734s, IterationsLeft: 730694, TotTime: 57s
Sep 05 16:23:12.912 INFO %Progress: 83.72829%, StarsPerTenSec: 519717.97, StarsPerSec: 51971.797, EstTimeLeft: 11.466026s, IterationsLeft: 595910, TotTime: 59s
Sep 05 16:23:14.971 INFO %Progress: 87.562004%, StarsPerTenSec: 525694.44, StarsPerSec: 52569.44, EstTimeLeft: 8.66492s, IterationsLeft: 455510, TotTime: 61s
Sep 05 16:23:17.004 INFO %Progress: 91.31708%, StarsPerTenSec: 530834.3, StarsPerSec: 53083.43, EstTimeLeft: 5.9903817s, IterationsLeft: 317990, TotTime: 63s
Sep 05 16:23:19.035 INFO %Progress: 95.20387%, StarsPerTenSec: 536400, StarsPerSec: 53640, EstTimeLeft: 3.274534s, IterationsLeft: 175646, TotTime: 65s
Sep 05 16:23:21.035 INFO %Progress: 99.05921%, StarsPerTenSec: 541461.5, StarsPerSec: 54146.15, EstTimeLeft: 0.63631487s, IterationsLeft: 34454, TotTime: 67s
Sep 05 16:23:21.535 INFO [44mAll values stats:[0m, std_dev: 0.022141881, avg: 0.02429384, max: 0.3174779, min: 0.0000005462428
Sep 05 16:23:21.549 INFO [42mGroup 0 values stats:[0m, std_dev: 0.021126466, avg: 0.02391082, max: 0.08714257, min: 0.0000005462428
Sep 05 16:23:21.551 INFO [42mGroup 1 values stats:[0m, std_dev: 0.025263496, avg: 0.025612604, max: 0.3174779, min: 0.0000022852948
Sep 05 16:23:21.570 INFO [41mMin values stats: [0m, std_dev: 0.00022878268, avg: 0.00020457462, max: 0.002238323, min: 0.0000005462428
Sep 05 16:23:21.570 INFO [41mMax values stats: [0m, std_dev: 0.066890046, avg: 0.07972101, max: 0.3174779, min: 0.007933828
Sep 05 16:23:21.570 INFO [41mAvg values stats: [0m, std_dev: 0.01612364, avg: 0.02419843, max: 0.05169942, min: 0.0028258855
Sep 05 16:23:21.570 INFO [42mRun Stats[0m, max_star_len: 22060, num_stars: 5616, num_false_events: 0, num_true_events: 0, num_events_detected: 0
ERROR: ld.so: object 'libdlfaker.so' from LD_PRELOAD cannot be preloaded (cannot open shared object file): ignored.
ERROR: ld.so: object 'libvglfaker.so' from LD_PRELOAD cannot be preloaded (cannot open shared object file): ignored.
ArrayFire v3.6.1 (CUDA, 64-bit Linux, build b443e146)
Platform: CUDA Toolkit 10.1, Driver: 430.40
[0] GeForce MX150, 2003 MB, CUDA Compute 6.1
